# JRE version: OpenJDK Runtime Environment 18.9 (11.0.13+8) (build 11.0.13+8)
# Java VM: OpenJDK 64-Bit Server VM 18.9 (11.0.13+8, mixed mode, tiered, compressed oops, g1 gc, windows-amd64)
Heap:
 garbage-first heap   total 114688K, used 93415K [0x00000000c1c00000, 0x0000000100000000)
  region size 1024K, 16 young (16384K), 2 survivors (2048K)
 Metaspace       used 66541K, capacity 67235K, committed 67456K, reserved 1110016K
  class space    used 7519K, capacity 7803K, committed 7808K, reserved 1048576K
GC Heap History (20 events):
Event: 13.637 GC heap before
{Heap before GC invocations=21 (full 0):
 garbage-first heap   total 95232K, used 75845K [0x00000000c1c00000, 0x0000000100000000)
  region size 1024K, 23 young (23552K), 4 survivors (4096K)
 Metaspace       used 57422K, capacity 58052K, committed 58112K, reserved 1099776K
  class space    used 6657K, capacity 6901K, committed 6912K, reserved 1048576K
}
Event: 13.646 GC heap after
{Heap after GC invocations=22 (full 0):
 garbage-first heap   total 114688K, used 57680K [0x00000000c1c00000, 0x0000000100000000)
  region size 1024K, 1 young (1024K), 1 survivors (1024K)
 Metaspace       used 57422K, capacity 58052K, committed 58112K, reserved 1099776K
  class space    used 6657K, capacity 6901K, committed 6912K, reserved 1048576K
}
Event: 14.941 GC heap before
{Heap before GC invocations=23 (full 0):
 garbage-first heap   total 114688K, used 84304K [0x00000000c1c00000, 0x0000000100000000)
  region size 1024K, 27 young (27648K), 1 survivors (1024K)
 Metaspace       used 60370K, capacity 61029K, committed 61312K, reserved 1103872K
  class space    used 6965K, capacity 7252K, committed 7296K, reserved 1048576K
}
Event: 14.952 GC heap after
{Heap after GC invocations=24 (full 0):
 garbage-first heap   total 114688K, used 59533K [0x00000000c1c00000, 0x0000000100000000)
  region size 1024K, 3 young (3072K), 3 survivors (3072K)
 Metaspace       used 60370K, capacity 61029K, committed 61312K, reserved 1103872K
  class space    used 6965K, capacity 7252K, committed 7296K, reserved 1048576K
}
Event: 15.891 GC heap before
{Heap before GC invocations=24 (full 0):
 garbage-first heap   total 114688K, used 73869K [0x00000000c1c00000, 0x0000000100000000)
  region size 1024K, 18 young (18432K), 3 survivors (3072K)
 Metaspace       used 62383K, capacity 63084K, committed 63360K, reserved 1105920K
  class space    used 7240K, capacity 7509K, committed 7552K, reserved 1048576K
}
Event: 15.909 GC heap after
{Heap after GC invocations=25 (full 0):
 garbage-first heap   total 114688K, used 61468K [0x00000000c1c00000, 0x0000000100000000)
  region size 1024K, 2 young (2048K), 2 survivors (2048K)
 Metaspace       used 62383K, capacity 63084K, committed 63360K, reserved 1105920K
  class space    used 7240K, capacity 7509K, committed 7552K, reserved 1048576K
}
Event: 17.435 GC heap before
{Heap before GC invocations=26 (full 0):
 garbage-first heap   total 114688K, used 86044K [0x00000000c1c00000, 0x0000000100000000)
  region size 1024K, 26 young (26624K), 2 survivors (2048K)
 Metaspace       used 64323K, capacity 65052K, committed 65152K, reserved 1105920K
  class space    used 7425K, capacity 7728K, committed 7808K, reserved 1048576K
}
Event: 17.454 GC heap after
{Heap after GC invocations=27 (full 0):
 garbage-first heap   total 114688K, used 65192K [0x00000000c1c00000, 0x0000000100000000)
  region size 1024K, 4 young (4096K), 4 survivors (4096K)
 Metaspace       used 64323K, capacity 65052K, committed 65152K, reserved 1105920K
  class space    used 7425K, capacity 7728K, committed 7808K, reserved 1048576K
}
Event: 19.272 GC heap before
{Heap before GC invocations=27 (full 0):
 garbage-first heap   total 114688K, used 88744K [0x00000000c1c00000, 0x0000000100000000)
  region size 1024K, 27 young (27648K), 4 survivors (4096K)
 Metaspace       used 65195K, capacity 65902K, committed 65920K, reserved 1107968K
  class space    used 7486K, capacity 7795K, committed 7808K, reserved 1048576K
}
Event: 19.290 GC heap after
{Heap after GC invocations=28 (full 0):
 garbage-first heap   total 114688K, used 68405K [0x00000000c1c00000, 0x0000000100000000)
  region size 1024K, 3 young (3072K), 3 survivors (3072K)
 Metaspace       used 65195K, capacity 65902K, committed 65920K, reserved 1107968K
  class space    used 7486K, capacity 7795K, committed 7808K, reserved 1048576K
}
Event: 19.961 GC heap before
{Heap before GC invocations=29 (full 0):
 garbage-first heap   total 114688K, used 78645K [0x00000000c1c00000, 0x0000000100000000)
  region size 1024K, 14 young (14336K), 3 survivors (3072K)
 Metaspace       used 65402K, capacity 66101K, committed 66176K, reserved 1107968K
  class space    used 7494K, capacity 7796K, committed 7808K, reserved 1048576K
}
Event: 19.973 GC heap after
{Heap after GC invocations=30 (full 0):
 garbage-first heap   total 114688K, used 69901K [0x00000000c1c00000, 0x0000000100000000)
  region size 1024K, 2 young (2048K), 2 survivors (2048K)
 Metaspace       used 65402K, capacity 66101K, committed 66176K, reserved 1107968K
  class space    used 7494K, capacity 7796K, committed 7808K, reserved 1048576K
}
Event: 20.895 GC heap before
{Heap before GC invocations=31 (full 0):
 garbage-first heap   total 114688K, used 90381K [0x00000000c1c00000, 0x0000000100000000)
  region size 1024K, 20 young (20480K), 2 survivors (2048K)
 Metaspace       used 65742K, capacity 66451K, committed 66688K, reserved 1107968K
  class space    used 7504K, capacity 7801K, committed 7808K, reserved 1048576K
}
Event: 20.907 GC heap after
{Heap after GC invocations=32 (full 0):
 garbage-first heap   total 114688K, used 73694K [0x00000000c1c00000, 0x0000000100000000)
  region size 1024K, 3 young (3072K), 3 survivors (3072K)
 Metaspace       used 65742K, capacity 66451K, committed 66688K, reserved 1107968K
  class space    used 7504K, capacity 7801K, committed 7808K, reserved 1048576K
}
Event: 21.967 GC heap before
{Heap before GC invocations=32 (full 0):
 garbage-first heap   total 114688K, used 92126K [0x00000000c1c00000, 0x0000000100000000)
  region size 1024K, 21 young (21504K), 3 survivors (3072K)
 Metaspace       used 65902K, capacity 66586K, committed 66688K, reserved 1107968K
  class space    used 7506K, capacity 7802K, committed 7808K, reserved 1048576K
}
Event: 21.983 GC heap after
{Heap after GC invocations=33 (full 0):
 garbage-first heap   total 114688K, used 75652K [0x00000000c1c00000, 0x0000000100000000)
  region size 1024K, 2 young (2048K), 2 survivors (2048K)
 Metaspace       used 65902K, capacity 66586K, committed 66688K, reserved 1107968K
  class space    used 7506K, capacity 7802K, committed 7808K, reserved 1048576K
}
Event: 23.636 GC heap before
{Heap before GC invocations=34 (full 0):
 garbage-first heap   total 114688K, used 93060K [0x00000000c1c00000, 0x0000000100000000)
  region size 1024K, 19 young (19456K), 2 survivors (2048K)
 Metaspace       used 66089K, capacity 66778K, committed 66944K, reserved 1107968K
  class space    used 7509K, capacity 7802K, committed 7808K, reserved 1048576K
}
Event: 23.653 GC heap after
{Heap after GC invocations=35 (full 0):
 garbage-first heap   total 114688K, used 78232K [0x00000000c1c00000, 0x0000000100000000)
  region size 1024K, 3 young (3072K), 3 survivors (3072K)
 Metaspace       used 66089K, capacity 66778K, committed 66944K, reserved 1107968K
  class space    used 7509K, capacity 7802K, committed 7808K, reserved 1048576K
}
Event: 25.209 GC heap before
{Heap before GC invocations=35 (full 0):
 garbage-first heap   total 114688K, used 94616K [0x00000000c1c00000, 0x0000000100000000)
  region size 1024K, 19 young (19456K), 3 survivors (3072K)
 Metaspace       used 66323K, capacity 67036K, committed 67200K, reserved 1107968K
  class space    used 7512K, capacity 7802K, committed 7808K, reserved 1048576K
}
Event: 25.224 GC heap after
{Heap after GC invocations=36 (full 0):
 garbage-first heap   total 114688K, used 80103K [0x00000000c1c00000, 0x0000000100000000)
  region size 1024K, 2 young (2048K), 2 survivors (2048K)
 Metaspace       used 66323K, capacity 67036K, committed 67200K, reserved 1107968K
  class space    used 7512K, capacity 7802K, committed 7808K, reserved 1048576K
}

